<?xml version="1.0" encoding="UTF-8"?>
<!-- Generated by org.testng.reporters.JUnitReportReporter -->
<testsuite hostname="SK-SHAREEF9133" failures="0" tests="2" name="CCBP" time="7.131" errors="0" timestamp="16 Jun 2025 16:39:26 GMT" skipped="0">
  <testcase classname="CCBP" name="checkHeadingElement" time="3.220"/>
  <testcase classname="CCBP" name="clickOnShopNowButton" time="3.911"/>
</testsuite> <!-- CCBP -->
