<?xml version="1.0" encoding="UTF-8"?>
<!-- Generated by org.testng.reporters.JUnitReportReporter -->
<testsuite hostname="SK-SHAREEF9133" failures="0" tests="3" name="CCBP2" time="9.322" errors="0" timestamp="16 Jun 2025 16:39:26 GMT" skipped="0">
  <testcase classname="CCBP2" name="loginWithValidCredentials" time="2.622"/>
  <testcase classname="CCBP2" name="loginWithValidCredentials" time="3.601"/>
  <testcase classname="CCBP2" name="loginWithInvalidCredentials" time="3.099"/>
</testsuite> <!-- CCBP2 -->
