<?xml version="1.0" encoding="UTF-8"?>
<!-- Generated by org.testng.reporters.JUnitReportReporter -->
<testsuite hostname="SK-SHAREEF9133" failures="0" tests="1" name="Base.tests1.LogoutTest1" time="12.773" errors="0" timestamp="2025-07-18T17:20:04 IST" skipped="0">
  <testcase classname="Base.tests1.LogoutTest1" name="testLogout" time="12.773"/>
  <system-out/>
</testsuite> <!-- Base.tests1.LogoutTest1 -->
